<?xml version="1.0" encoding="utf-8"?><testsuites name="pytest tests"><testsuite name="pytest" errors="0" failures="0" skipped="0" tests="383" time="30.884" timestamp="2026-06-03T22:16:15.994105+03:00" hostname="Ray"><testcase classname="tests.test_audit.TestAuditLogging" name="test_append_only_blocks_changes_and_logs_them" time="0.105" /><testcase classname="tests.test_audit.TestAuditLogging" name="test_async_logging_flushes_non_critical_events_and_keeps_critical_sync" time="0.061" /><testcase classname="tests.test_audit.TestAuditLogging" name="test_audit_entry_includes_utc_reliable_time_source_metadata" time="0.065" /><testcase classname="tests.test_audit.TestAuditLogging" name="test_audit_entry_payloads_are_reencrypted_when_master_key_rotates" time="0.057" /><testcase classname="tests.test_audit.TestAuditLogging" name="test_audit_integrity_survives_authentication_master_password_change" time="0.444" /><testcase classname="tests.test_audit.TestAuditLogging" name="test_audit_log_entry_data_is_encrypted_at_rest_and_decrypted_on_read" time="0.050" /><testcase classname="tests.test_audit.TestAuditLogging" name="test_audit_logger_skips_events_when_active_key_is_locked" time="0.048" /><testcase classname="tests.test_audit.TestAuditLogging" name="test_cef_export_contains_standard_header_and_extensions" time="0.054" /><testcase classname="tests.test_audit.TestAuditLogging" name="test_corrupted_database_file_returns_recovery_options" time="0.047" /><testcase classname="tests.test_audit.TestAuditLogging" name="test_database_error_returns_recovery_options" time="0.061" /><testcase classname="tests.test_audit.TestAuditLogging" name="test_detects_tampered_audit_entry" time="2.953" /><testcase classname="tests.test_audit.TestAuditLogging" name="test_import_export_share_events_have_sources" time="0.055" /><testcase classname="tests.test_audit.TestAuditLogging" name="test_integration_hook_failure_is_recorded_in_secure_log" time="0.049" /><testcase classname="tests.test_audit.TestAuditLogging" name="test_integration_hook_receives_signed_audit_payload_without_breaking_logging" time="0.047" /><testcase classname="tests.test_audit.TestAuditLogging" name="test_rotation_policy_archives_ranges_without_breaking_active_chain" time="0.086" /><testcase classname="tests.test_audit.TestAuditLogging" name="test_signed_json_export_import" time="0.184" /><testcase classname="tests.test_audit.TestAuditLogging" name="test_sql_injection_search_does_not_change_audit_log" time="0.073" /><testcase classname="tests.test_authentication.TestAuthentication" name="test_authenticate_uses_stored_derivation_params" time="0.319" /><testcase classname="tests.test_authentication.TestAuthentication" name="test_backoff_schedule" time="0.434" /><testcase classname="tests.test_authentication.TestAuthentication" name="test_change_master_password_publishes_password_changed_event" time="0.431" /><testcase classname="tests.test_authentication.TestAuthentication" name="test_change_master_password_reencrypts_entries" time="0.608" /><testcase classname="tests.test_authentication.TestAuthentication" name="test_change_master_password_updates_stored_params" time="0.531" /><testcase classname="tests.test_authentication.TestAuthentication" name="test_invalid_authentication_publishes_login_failed_event" time="0.317" /><testcase classname="tests.test_authentication.TestAuthentication" name="test_invalid_password_rejected_on_registration" time="0.042" /><testcase classname="tests.test_authentication.TestAuthentication" name="test_register_and_authenticate" time="0.324" /><testcase classname="tests.test_authentication.TestAuthentication" name="test_register_persists_full_derivation_params" time="0.201" /><testcase classname="tests.test_clipboard.ClipboardServiceTestCase" name="test_allowed_applications_are_normalized_and_persisted" time="0.070" /><testcase classname="tests.test_clipboard.ClipboardServiceTestCase" name="test_auto_clear_short_expiry_completes_within_100ms_tolerance" time="0.051" /><testcase classname="tests.test_clipboard.ClipboardServiceTestCase" name="test_clear_event_marks_failed_system_clear" time="0.045" /><testcase classname="tests.test_clipboard.ClipboardServiceTestCase" name="test_clipboard_monitor_ignores_system_clipboard_when_delivery_mode_is_memory_only" time="0.051" /><testcase classname="tests.test_clipboard.ClipboardServiceTestCase" name="test_clipboard_service_memory_overhead_stays_below_10mb_for_large_payload" time="0.074" /><testcase classname="tests.test_clipboard.ClipboardServiceTestCase" name="test_concurrent_copy_clear_and_tick_operations_keep_state_consistent" time="0.048" /><testcase classname="tests.test_clipboard.ClipboardServiceTestCase" name="test_copy_failure_publishes_clipboard_error_without_secret_value" time="0.047" /><testcase classname="tests.test_clipboard.ClipboardServiceTestCase" name="test_copy_is_blocked_for_application_outside_whitelist" time="0.051" /><testcase classname="tests.test_clipboard.ClipboardServiceTestCase" name="test_copy_is_blocked_when_entry_policy_forbids_clipboard_usage" time="0.050" /><testcase classname="tests.test_clipboard.ClipboardServiceTestCase" name="test_copy_is_blocked_when_state_is_locked" time="0.050" /><testcase classname="tests.test_clipboard.ClipboardServiceTestCase" name="test_copy_operation_completes_under_100ms_with_fake_adapter" time="0.047" /><testcase classname="tests.test_clipboard.ClipboardServiceTestCase" name="test_copy_rejects_null_bytes_in_value" time="0.042" /><testcase classname="tests.test_clipboard.ClipboardServiceTestCase" name="test_copy_rejects_oversized_value_for_paranoid_level" time="0.050" /><testcase classname="tests.test_clipboard.ClipboardServiceTestCase" name="test_copy_sanitizes_source_label_before_storing_status" time="0.044" /><testcase classname="tests.test_clipboard.ClipboardServiceTestCase" name="test_copy_text_raises_error_when_adapter_write_fails" time="0.043" /><testcase classname="tests.test_clipboard.ClipboardServiceTestCase" name="test_copy_text_updates_status_and_state" time="0.043" /><testcase classname="tests.test_clipboard.ClipboardServiceTestCase" name="test_custom_preset_name_is_persisted_for_manual_profile" time="0.047" /><testcase classname="tests.test_clipboard.ClipboardServiceTestCase" name="test_failed_replacement_does_not_leave_previous_secret_active" time="0.049" /><testcase classname="tests.test_clipboard.ClipboardServiceTestCase" name="test_idle_clipboard_monitor_poll_loop_stays_lightweight" time="0.061" /><testcase classname="tests.test_clipboard.ClipboardServiceTestCase" name="test_memory_dump_snapshot_does_not_contain_plaintext_after_memory_only_copy" time="0.059" /><testcase classname="tests.test_clipboard.ClipboardServiceTestCase" name="test_memory_dump_snapshot_does_not_contain_plaintext_after_system_copy" time="0.053" /><testcase classname="tests.test_clipboard.ClipboardServiceTestCase" name="test_memory_dump_snapshot_stays_clean_after_clear" time="0.042" /><testcase classname="tests.test_clipboard.ClipboardServiceTestCase" name="test_memory_exposure_probe_detects_plaintext_copy_in_state_manager_for_system_mode" time="0.045" /><testcase classname="tests.test_clipboard.ClipboardServiceTestCase" name="test_memory_exposure_probe_does_not_find_plaintext_in_memory_only_mode" time="0.052" /><testcase classname="tests.test_clipboard.ClipboardServiceTestCase" name="test_memory_only_delivery_mode_keeps_secret_out_of_system_clipboard" time="0.051" /><testcase classname="tests.test_clipboard.ClipboardServiceTestCase" name="test_memory_security_self_test_detects_plaintext_in_system_snapshot" time="0.046" /><testcase classname="tests.test_clipboard.ClipboardServiceTestCase" name="test_memory_security_self_test_does_not_find_plaintext_in_memory_only_snapshot" time="0.051" /><testcase classname="tests.test_clipboard.ClipboardServiceTestCase" name="test_monitor_detects_external_read_when_access_token_changes" time="0.050" /><testcase classname="tests.test_clipboard.ClipboardServiceTestCase" name="test_monitor_flags_external_change" time="0.046" /><testcase classname="tests.test_clipboard.ClipboardServiceTestCase" name="test_monitor_marks_external_clear_with_separate_reason" time="0.048" /><testcase classname="tests.test_clipboard.ClipboardServiceTestCase" name="test_monitor_reacts_immediately_in_paranoid_mode" time="0.051" /><testcase classname="tests.test_clipboard.ClipboardServiceTestCase" name="test_rapid_concurrent_copy_operations_keep_consistent_final_state" time="0.047" /><testcase classname="tests.test_clipboard.ClipboardServiceTestCase" name="test_replacement_copy_clears_previous_clipboard_content" time="0.044" /><testcase classname="tests.test_clipboard.ClipboardServiceTestCase" name="test_secure_clipboard_item_uses_mlock_on_unix_when_available" time="0.052" /><testcase classname="tests.test_clipboard.ClipboardServiceTestCase" name="test_secure_clipboard_item_uses_virtual_lock_on_windows_when_available" time="0.043" /><testcase classname="tests.test_clipboard.ClipboardServiceTestCase" name="test_settings_are_persisted_in_database" time="0.049" /><testcase classname="tests.test_clipboard.ClipboardServiceTestCase" name="test_successful_copy_resets_failed_clear_flag_after_previous_failure" time="0.047" /><testcase classname="tests.test_clipboard.ClipboardServiceTestCase" name="test_suspicious_activity_can_block_future_copies" time="0.051" /><testcase classname="tests.test_clipboard.ClipboardServiceTestCase" name="test_timeout_warning_and_clear" time="0.050" /><testcase classname="tests.test_config.TestConfig" name="test_apply_security_profile_helper_preserves_non_security_values" time="0.003" /><testcase classname="tests.test_config.TestConfig" name="test_apply_security_profile_updates_and_validates_settings" time="0.006" /><testcase classname="tests.test_config.TestConfig" name="test_default_config" time="0.005" /><testcase classname="tests.test_config.TestConfig" name="test_default_value" time="0.005" /><testcase classname="tests.test_config.TestConfig" name="test_nested_keys" time="0.007" /><testcase classname="tests.test_config.TestConfig" name="test_security_profiles_have_secure_defaults" time="0.005" /><testcase classname="tests.test_config.TestConfig" name="test_security_settings_validation_blocks_insecure_combinations" time="0.005" /><testcase classname="tests.test_config.TestConfig" name="test_set_and_get" time="0.008" /><testcase classname="tests.test_crypto.TestCrypto" name="test_different_keys" time="0.003" /><testcase classname="tests.test_crypto.TestCrypto" name="test_encrypt_decrypt" time="0.002" /><testcase classname="tests.test_crypto.TestCrypto" name="test_encryption_service_abstract" time="0.002" /><testcase classname="tests.test_crypto.TestCrypto" name="test_key_manager_derive" time="0.002" /><testcase classname="tests.test_crypto.TestCrypto" name="test_key_manager_store_load" time="0.002" /><testcase classname="tests.test_database.TestDatabase" name="test_add_entry" time="0.049" /><testcase classname="tests.test_database.TestDatabase" name="test_audit_security_event_roundtrip" time="0.047" /><testcase classname="tests.test_database.TestDatabase" name="test_audit_verification_policy_roundtrip" time="0.045" /><testcase classname="tests.test_database.TestDatabase" name="test_connection_pool_reuses_connections_between_requests" time="0.044" /><testcase classname="tests.test_database.TestDatabase" name="test_contacts_roundtrip_and_revocation" time="0.044" /><testcase classname="tests.test_database.TestDatabase" name="test_delete_entry" time="0.041" /><testcase classname="tests.test_database.TestDatabase" name="test_existing_v5_audit_rows_with_missing_sequence_are_repaired" time="0.078" /><testcase classname="tests.test_database.TestDatabase" name="test_get_all_entries" time="0.042" /><testcase classname="tests.test_database.TestDatabase" name="test_get_entry" time="0.046" /><testcase classname="tests.test_database.TestDatabase" name="test_import_export_history_roundtrip" time="0.042" /><testcase classname="tests.test_database.TestDatabase" name="test_key_store_roundtrip" time="0.042" /><testcase classname="tests.test_database.TestDatabase" name="test_migration_v3_to_v4_backfills_encrypted_data" time="0.049" /><testcase classname="tests.test_database.TestDatabase" name="test_migration_v4_to_v5_backfills_legacy_audit_rows" time="0.103" /><testcase classname="tests.test_database.TestDatabase" name="test_new_schema_supports_encrypted_data_and_category" time="0.061" /><testcase classname="tests.test_database.TestDatabase" name="test_reencrypt_passwords_reports_progress_and_respects_pause" time="0.095" /><testcase classname="tests.test_database.TestDatabase" name="test_settings_roundtrip" time="0.044" /><testcase classname="tests.test_database.TestDatabase" name="test_shared_entries_roundtrip" time="0.047" /><testcase classname="tests.test_database.TestDatabase" name="test_update_entry" time="0.045" /><testcase classname="tests.test_database.TestDatabase" name="test_user_version" time="0.040" /><testcase classname="tests.test_entry_manager.TestEntryManager" name="test_concurrent_operations_preserve_entry_integrity" time="0.383" /><testcase classname="tests.test_entry_manager.TestEntryManager" name="test_create_and_get_entry_roundtrip" time="0.056" /><testcase classname="tests.test_entry_manager.TestEntryManager" name="test_create_entry_persists_category" time="0.040" /><testcase classname="tests.test_entry_manager.TestEntryManager" name="test_create_entry_publishes_event" time="0.043" /><testcase classname="tests.test_entry_manager.TestEntryManager" name="test_crud_integration_handles_bulk_entry_lifecycle" time="0.216" /><testcase classname="tests.test_entry_manager.TestEntryManager" name="test_delete_entry_can_hard_delete_without_recycle_bin" time="0.042" /><testcase classname="tests.test_entry_manager.TestEntryManager" name="test_delete_entry_soft_deletes_by_default" time="0.054" /><testcase classname="tests.test_entry_manager.TestEntryManager" name="test_future_fields_roundtrip_and_update" time="0.045" /><testcase classname="tests.test_entry_manager.TestEntryManager" name="test_get_all_entries_returns_decrypted_entries" time="0.044" /><testcase classname="tests.test_entry_manager.TestEntryManager" name="test_get_entry_prefers_encrypted_data_from_new_schema" time="0.042" /><testcase classname="tests.test_entry_manager.TestEntryManager" name="test_missing_entry_raises_safe_error" time="0.041" /><testcase classname="tests.test_entry_manager.TestEntryManager" name="test_search_entries_publish_anonymized_audit_event" time="0.046" /><testcase classname="tests.test_entry_manager.TestEntryManager" name="test_search_entries_supports_fuzzy_matching_for_typos" time="0.046" /><testcase classname="tests.test_entry_manager.TestEntryManager" name="test_search_entries_supports_general_and_field_specific_filters" time="0.044" /><testcase classname="tests.test_entry_manager.TestEntryManager" name="test_search_entries_supports_updated_range_and_password_strength_filters" time="0.067" /><testcase classname="tests.test_entry_manager.TestEntryManager" name="test_update_entry_reencrypts_payload" time="0.047" /><testcase classname="tests.test_events.TestEvents" name="test_audit_log_signer_signs_and_verifies_with_separate_context_key" time="0.002" /><testcase classname="tests.test_events.TestEvents" name="test_audit_log_signer_uses_distinct_forward_secure_keys_per_sequence" time="0.004" /><testcase classname="tests.test_events.TestEvents" name="test_audit_log_verifier_detects_hash_chain_tampering" time="0.004" /><testcase classname="tests.test_events.TestEvents" name="test_audit_logger_hashes_personal_data_fields" time="0.010" /><testcase classname="tests.test_events.TestEvents" name="test_audit_logger_records_clipboard_error_without_secret_payload" time="0.008" /><testcase classname="tests.test_events.TestEvents" name="test_audit_logger_records_clipboard_events_with_details" time="0.006" /><testcase classname="tests.test_events.TestEvents" name="test_audit_logger_records_future_integration_events" time="0.009" /><testcase classname="tests.test_events.TestEvents" name="test_audit_logger_stub" time="0.003" /><testcase classname="tests.test_events.TestEvents" name="test_audit_logger_verifies_integrity_for_valid_chain" time="0.007" /><testcase classname="tests.test_events.TestEvents" name="test_different_event_types" time="0.001" /><testcase classname="tests.test_events.TestEvents" name="test_multiple_subscribers" time="0.002" /><testcase classname="tests.test_events.TestEvents" name="test_publish_subscribe" time="0.002" /><testcase classname="tests.test_import_export.TestImportExportFoundation" name="test_bitwarden_encrypted_export_has_no_plaintext_and_can_be_decrypted" time="0.464" /><testcase classname="tests.test_import_export.TestImportExportFoundation" name="test_bitwarden_json_import_maps_login_items" time="0.049" /><testcase classname="tests.test_import_export.TestImportExportFoundation" name="test_csv_export_requires_explicit_plaintext_allow_and_roundtrips" time="0.046" /><testcase classname="tests.test_import_export.TestImportExportFoundation" name="test_ecies_share_package_uses_ephemeral_p256_key_and_roundtrips" time="0.051" /><testcase classname="tests.test_import_export.TestImportExportFoundation" name="test_exporter_supports_selected_entries_and_field_exclusion" time="0.043" /><testcase classname="tests.test_import_export.TestImportExportFoundation" name="test_import_rejects_files_above_size_limit" time="0.043" /><testcase classname="tests.test_import_export.TestImportExportFoundation" name="test_importer_sanitizes_active_content_before_import" time="0.044" /><testcase classname="tests.test_import_export.TestImportExportFoundation" name="test_key_exchange_contact_rotation_and_revocation" time="0.048" /><testcase classname="tests.test_import_export.TestImportExportFoundation" name="test_key_exchange_generates_ecc_p256_key_pair_for_ecies_sharing" time="0.045" /><testcase classname="tests.test_import_export.TestImportExportFoundation" name="test_key_exchange_generates_rsa_2048_key_pair_for_public_key_sharing" time="0.173" /><testcase classname="tests.test_import_export.TestImportExportFoundation" name="test_key_exchange_qr_payload_chunking_handles_one_kilobyte_payload" time="0.047" /><testcase classname="tests.test_import_export.TestImportExportFoundation" name="test_key_exchange_qr_payload_rejects_tampering" time="0.045" /><testcase classname="tests.test_import_export.TestImportExportFoundation" name="test_key_exchange_qr_payload_validates_checksum_and_remembers_contact" time="0.045" /><testcase classname="tests.test_import_export.TestImportExportFoundation" name="test_key_exchange_rejects_replayed_nonce" time="0.044" /><testcase classname="tests.test_import_export.TestImportExportFoundation" name="test_lastpass_csv_import_maps_known_columns" time="0.046" /><testcase classname="tests.test_import_export.TestImportExportFoundation" name="test_legacy_plaintext_bitwarden_export_still_uses_real_import_shape" time="0.046" /><testcase classname="tests.test_import_export.TestImportExportFoundation" name="test_native_encrypted_json_does_not_expose_plaintext_secrets" time="0.078" /><testcase classname="tests.test_import_export.TestImportExportFoundation" name="test_native_encrypted_json_dry_run_does_not_create_entries" time="0.115" /><testcase classname="tests.test_import_export.TestImportExportFoundation" name="test_native_encrypted_json_duplicate_skip_avoids_second_copy" time="0.116" /><testcase classname="tests.test_import_export.TestImportExportFoundation" name="test_native_encrypted_json_export_import_roundtrip" time="0.145" /><testcase classname="tests.test_import_export.TestImportExportFoundation" name="test_native_encrypted_json_public_key_roundtrip_uses_hybrid_encryption" time="0.263" /><testcase classname="tests.test_import_export.TestImportExportFoundation" name="test_native_encrypted_json_rejects_tampered_ciphertext_before_import" time="0.083" /><testcase classname="tests.test_import_export.TestImportExportFoundation" name="test_native_encrypted_json_rejects_wrong_password" time="0.110" /><testcase classname="tests.test_import_export.TestImportExportFoundation" name="test_password_share_package_rejects_expired_package" time="0.079" /><testcase classname="tests.test_import_export.TestImportExportFoundation" name="test_password_share_package_rejects_tampering_before_decrypt" time="0.080" /><testcase classname="tests.test_import_export.TestImportExportFoundation" name="test_password_share_package_roundtrips_and_records_metadata" time="0.154" /><testcase classname="tests.test_import_export.TestImportExportFoundation" name="test_plaintext_import_dry_run_does_not_create_entries" time="0.043" /><testcase classname="tests.test_import_export.TestImportExportFoundation" name="test_public_key_share_package_roundtrips_and_rejects_tampering" time="0.239" /><testcase classname="tests.test_import_export.TestImportExportFoundation" name="test_qr_code_service_generates_png_for_in_app_preview" time="0.306" /><testcase classname="tests.test_import_export.TestImportExportFoundation" name="test_qr_code_service_generates_svg_for_one_kilobyte_payload_and_roundtrips_fast" time="0.599" /><testcase classname="tests.test_import_export.TestImportExportFoundation" name="test_qr_code_service_imports_payload_from_svg_image_file" time="0.272" /><testcase classname="tests.test_import_export.TestImportExportFoundation" name="test_qr_code_service_reports_camera_unavailable_with_file_upload_fallback" time="0.048" /><testcase classname="tests.test_import_export.TestImportExportFoundation" name="test_qr_code_service_scans_camera_chunks_when_camera_is_available" time="0.048" /><testcase classname="tests.test_import_export.TestImportExportFoundation" name="test_qr_code_service_supports_share_package_payload_without_plaintext_secret" time="0.276" /><testcase classname="tests.test_import_export.TestImportExportFoundation" name="test_replace_import_mode_clears_vault_before_import" time="0.120" /><testcase classname="tests.test_import_export.TestImportExportFoundation" name="test_sensitive_temporary_key_buffers_are_zeroized" time="0.043" /><testcase classname="tests.test_import_export.TestImportExportFoundation" name="test_separated_export_and_share_keys_do_not_reuse_master_key" time="0.045" /><testcase classname="tests.test_import_export.TestImportExportFoundation" name="test_sharing_metadata_is_remembered_in_database" time="0.046" /><testcase classname="tests.test_integration.TestSetupWizardIntegration" name="test_finish_initial_setup_persists_configuration_and_initializes_auth" time="0.205" /><testcase classname="tests.test_integration.TestSetupWizardIntegration" name="test_initial_database_path_uses_selected_config_path" time="0.006" /><testcase classname="tests.test_integration.TestMainWindowIntegration" name="test_audit_log_keeps_entry_events_when_vault_is_locked_immediately" time="0.881" /><testcase classname="tests.test_integration.TestMainWindowIntegration" name="test_main_window_starts_with_existing_vault_and_loads_entries" time="0.446" /><testcase classname="tests.test_integration.TestMainWindowIntegration" name="test_main_window_triggers_setup_for_uninitialized_vault" time="0.284" /><testcase classname="tests.test_integration.TestMainWindowIntegration" name="test_panic_mode_is_written_to_audit_before_keys_are_cleared" time="0.486" /><testcase classname="tests.test_integration.TestMainWindowIntegration" name="test_sync_active_key_from_auth_populates_key_manager_after_setup" time="0.005" /><testcase classname="tests.test_integration.TestMainWindowSearchAndFilter" name="test_apply_entry_filter_supports_date_range_and_password_strength_filters" time="0.049" /><testcase classname="tests.test_integration.TestMainWindowSearchAndFilter" name="test_apply_entry_filter_supports_general_field_and_category_filters" time="0.046" /><testcase classname="tests.test_integration.TestMainWindowSearchAndFilter" name="test_search_history_persists_and_reapplies_queries" time="0.050" /><testcase classname="tests.test_integration.TestMainWindowSearchAndFilter" name="test_toggle_password_visibility_updates_table_rows" time="0.045" /><testcase classname="tests.test_integration.TestMainWindowDialogHelpers" name="test_add_entry_does_not_open_form_when_unlock_is_cancelled" time="0.003" /><testcase classname="tests.test_integration.TestMainWindowDialogHelpers" name="test_apply_clipboard_preset_to_vars_updates_all_fields" time="0.003" /><testcase classname="tests.test_integration.TestMainWindowDialogHelpers" name="test_audit_dashboard_frequency_uses_7_30_90_day_windows" time="0.005" /><testcase classname="tests.test_integration.TestMainWindowDialogHelpers" name="test_build_audit_dashboard_lines_include_integrity_and_security_metrics" time="0.005" /><testcase classname="tests.test_integration.TestMainWindowDialogHelpers" name="test_build_audit_event_frequency_orders_by_count_and_formats_labels" time="0.005" /><testcase classname="tests.test_integration.TestMainWindowDialogHelpers" name="test_build_audit_export_payload_includes_signed_json_metadata" time="0.006" /><testcase classname="tests.test_integration.TestMainWindowDialogHelpers" name="test_build_audit_export_payload_supports_cef_format" time="0.005" /><testcase classname="tests.test_integration.TestMainWindowDialogHelpers" name="test_build_audit_log_detail_lines_for_failed_login_include_ip_and_time" time="0.007" /><testcase classname="tests.test_integration.TestMainWindowDialogHelpers" name="test_build_audit_log_detail_lines_include_signature_status_and_hash_chain" time="0.006" /><testcase classname="tests.test_integration.TestMainWindowDialogHelpers" name="test_build_audit_log_view_model_uses_filters_and_pagination" time="0.005" /><testcase classname="tests.test_integration.TestMainWindowDialogHelpers" name="test_build_clipboard_diagnostics_lines_includes_platform_and_memory_sections" time="0.007" /><testcase classname="tests.test_integration.TestMainWindowDialogHelpers" name="test_build_clipboard_settings_summary_includes_allowed_applications" time="0.005" /><testcase classname="tests.test_integration.TestMainWindowDialogHelpers" name="test_build_favicon_request_normalizes_host_and_builds_service_url" time="0.004" /><testcase classname="tests.test_integration.TestMainWindowDialogHelpers" name="test_check_security_timers_publishes_clipboard_error_when_monitor_fails" time="0.008" /><testcase classname="tests.test_integration.TestMainWindowDialogHelpers" name="test_check_security_timers_warns_once_when_monitoring_fails" time="0.007" /><testcase classname="tests.test_integration.TestMainWindowDialogHelpers" name="test_cleanup_scheduled_audit_exports_removes_old_and_excess_files" time="0.031" /><testcase classname="tests.test_integration.TestMainWindowDialogHelpers" name="test_clear_clipboard_from_ui_clears_active_content" time="0.005" /><testcase classname="tests.test_integration.TestMainWindowDialogHelpers" name="test_clear_clipboard_from_ui_reports_empty_state" time="0.005" /><testcase classname="tests.test_integration.TestMainWindowDialogHelpers" name="test_clear_clipboard_from_ui_warns_when_system_clear_fails" time="0.005" /><testcase classname="tests.test_integration.TestMainWindowDialogHelpers" name="test_collect_entry_form_reads_category_tags_and_clipboard_policy_from_dialog" time="0.008" /><testcase classname="tests.test_integration.TestMainWindowDialogHelpers" name="test_copy_selected_all_uses_clipboard_service" time="0.004" /><testcase classname="tests.test_integration.TestMainWindowDialogHelpers" name="test_copy_selected_username_passes_never_policy_for_protected_entry" time="0.006" /><testcase classname="tests.test_integration.TestMainWindowDialogHelpers" name="test_copy_selected_username_uses_clipboard_service" time="0.008" /><testcase classname="tests.test_integration.TestMainWindowDialogHelpers" name="test_detect_clipboard_preset_returns_matching_profile_or_custom" time="0.004" /><testcase classname="tests.test_integration.TestMainWindowDialogHelpers" name="test_encrypt_and_decrypt_audit_export_payload_roundtrip" time="0.005" /><testcase classname="tests.test_integration.TestMainWindowDialogHelpers" name="test_export_audit_logs_requires_reauth_and_logs_export_operation" time="0.010" /><testcase classname="tests.test_integration.TestMainWindowDialogHelpers" name="test_export_audit_verification_report_writes_json_file" time="0.008" /><testcase classname="tests.test_integration.TestMainWindowDialogHelpers" name="test_format_audit_log_line_for_application_not_allowed_error" time="0.004" /><testcase classname="tests.test_integration.TestMainWindowDialogHelpers" name="test_format_audit_log_line_for_clipboard_clear_expands_reason" time="0.004" /><testcase classname="tests.test_integration.TestMainWindowDialogHelpers" name="test_format_audit_log_line_for_clipboard_clear_includes_monitor_reason" time="0.004" /><testcase classname="tests.test_integration.TestMainWindowDialogHelpers" name="test_format_audit_log_line_for_clipboard_copy_is_human_readable" time="0.005" /><testcase classname="tests.test_integration.TestMainWindowDialogHelpers" name="test_format_audit_log_line_for_clipboard_error_is_human_readable" time="0.004" /><testcase classname="tests.test_integration.TestMainWindowDialogHelpers" name="test_format_audit_timestamp_displays_aware_utc_as_local_time" time="0.004" /><testcase classname="tests.test_integration.TestMainWindowDialogHelpers" name="test_format_clipboard_clear_reason_handles_manual_and_replacement" time="0.004" /><testcase classname="tests.test_integration.TestMainWindowDialogHelpers" name="test_format_entry_title_for_table_marks_active_clipboard_entry" time="0.004" /><testcase classname="tests.test_integration.TestMainWindowDialogHelpers" name="test_generated_entry_password_updates_strength_label" time="0.004" /><testcase classname="tests.test_integration.TestMainWindowDialogHelpers" name="test_get_audit_export_schedule_policy_normalizes_defaults_and_values" time="0.004" /><testcase classname="tests.test_integration.TestMainWindowDialogHelpers" name="test_get_audit_log_context_actions_returns_expected_actions" time="0.004" /><testcase classname="tests.test_integration.TestMainWindowDialogHelpers" name="test_get_full_clipboard_value_for_preview_returns_secret_after_reauth" time="0.005" /><testcase classname="tests.test_integration.TestMainWindowDialogHelpers" name="test_handle_clipboard_clear_failure_shows_warning_for_failed_service_clear" time="0.006" /><testcase classname="tests.test_integration.TestMainWindowDialogHelpers" name="test_handle_clipboard_security_alert_shows_warning_once_per_transition" time="0.005" /><testcase classname="tests.test_integration.TestMainWindowDialogHelpers" name="test_highlight_vault_entry_from_audit_log_selects_row_in_main_table" time="0.004" /><testcase classname="tests.test_integration.TestMainWindowDialogHelpers" name="test_on_clipboard_status_changed_updates_notice_and_table_marker" time="0.004" /><testcase classname="tests.test_integration.TestMainWindowDialogHelpers" name="test_on_clipboard_status_changed_uses_notification_area_when_window_minimized" time="0.004" /><testcase classname="tests.test_integration.TestMainWindowDialogHelpers" name="test_parse_audit_details_supports_json_payload" time="0.004" /><testcase classname="tests.test_integration.TestMainWindowDialogHelpers" name="test_perform_scheduled_audit_exports_creates_export_and_report_and_updates_policy" time="0.011" /><testcase classname="tests.test_integration.TestMainWindowDialogHelpers" name="test_reauthenticate_for_sensitive_action_accepts_valid_master_password" time="0.004" /><testcase classname="tests.test_integration.TestMainWindowDialogHelpers" name="test_reauthenticate_for_sensitive_action_rejects_invalid_password" time="0.006" /><testcase classname="tests.test_integration.TestMainWindowDialogHelpers" name="test_refresh_clipboard_status_disables_preview_button_when_empty" time="0.004" /><testcase classname="tests.test_integration.TestMainWindowDialogHelpers" name="test_refresh_clipboard_status_shows_copy_block_message" time="0.003" /><testcase classname="tests.test_integration.TestMainWindowDialogHelpers" name="test_refresh_clipboard_status_shows_preview_and_warning" time="0.004" /><testcase classname="tests.test_integration.TestMainWindowDialogHelpers" name="test_restore_from_system_tray_restores_window_state" time="0.004" /><testcase classname="tests.test_integration.TestMainWindowDialogHelpers" name="test_run_audit_verification_failure_writes_separate_security_event" time="0.024" /><testcase classname="tests.test_integration.TestMainWindowDialogHelpers" name="test_run_audit_verification_manual_success_shows_message" time="0.005" /><testcase classname="tests.test_integration.TestMainWindowDialogHelpers" name="test_run_periodic_audit_verification_uses_recent_limit_from_policy" time="0.004" /><testcase classname="tests.test_integration.TestMainWindowDialogHelpers" name="test_set_system_clipboard_flushes_event_loop" time="0.004" /><testcase classname="tests.test_integration.TestMainWindowDialogHelpers" name="test_show_clipboard_preview_dialog_reports_empty_clipboard" time="0.004" /><testcase classname="tests.test_integration.TestMainWindowDialogHelpers" name="test_show_in_system_tray_withdraws_window_when_tray_available" time="0.004" /><testcase classname="tests.test_integration.TestMainWindowDialogHelpers" name="test_sort_audit_logs_orders_by_sequence_number_for_latest_audit_events" time="0.004" /><testcase classname="tests.test_integration.TestMainWindowDialogHelpers" name="test_sort_audit_logs_orders_records_by_requested_column" time="0.004" /><testcase classname="tests.test_integration.TestMainWindowDialogHelpers" name="test_suggest_usernames_prefers_existing_domain_matches_and_domain_patterns" time="0.006" /><testcase classname="tests.test_integration.TestMainWindowDialogHelpers" name="test_system_tray_icon_uses_green_for_unlocked_and_red_for_locked" time="0.004" /><testcase classname="tests.test_integration.TestMainWindowDialogHelpers" name="test_system_tray_menu_labels_cover_security_actions" time="0.004" /><testcase classname="tests.test_integration.TestMainWindowDialogHelpers" name="test_system_tray_state_changes_for_lock_alert_and_crypto_operation" time="0.004" /><testcase classname="tests.test_integration.TestMainWindowDialogHelpers" name="test_system_tray_title_includes_vault_and_clipboard_state" time="0.004" /><testcase classname="tests.test_integration.TestMainWindowDialogHelpers" name="test_tray_actions_are_scheduled_on_tk_thread" time="0.005" /><testcase classname="tests.test_integration.TestMainWindowDialogHelpers" name="test_tray_quick_search_restores_window_and_applies_query" time="0.004" /><testcase classname="tests.test_integration.TestMainWindowDialogHelpers" name="test_unlock_vault_refreshes_system_tray_to_unlocked_state" time="0.004" /><testcase classname="tests.test_integration.TestMainWindowDialogHelpers" name="test_update_clipboard_notice_mentions_failed_system_clear" time="0.004" /><testcase classname="tests.test_integration.TestMainWindowDialogHelpers" name="test_update_clipboard_notice_respects_notification_setting" time="0.004" /><testcase classname="tests.test_integration.TestMainWindowDialogHelpers" name="test_update_clipboard_notice_shows_monitor_warning_reason" time="0.005" /><testcase classname="tests.test_integration.TestMainWindowDialogHelpers" name="test_update_clipboard_notification_area_shows_failed_clear_message_when_window_unfocused" time="0.006" /><testcase classname="tests.test_integration.TestMainWindowDialogHelpers" name="test_update_system_tray_status_refreshes_icon_and_animates_crypto_operation" time="0.004" /><testcase classname="tests.test_integration.TestMainWindowSecurityState" name="test_accessibility_summary_documents_keyboard_and_feedback_support" time="0.004" /><testcase classname="tests.test_integration.TestMainWindowSecurityState" name="test_activate_panic_mode_locks_clears_hides_and_logs_event" time="0.006" /><testcase classname="tests.test_integration.TestMainWindowSecurityState" name="test_activity_monitor_tick_locks_authenticated_session" time="0.004" /><testcase classname="tests.test_integration.TestMainWindowSecurityState" name="test_clipboard_expiration_locks_unfocused_window_when_focus_lock_is_enabled" time="0.006" /><testcase classname="tests.test_integration.TestMainWindowSecurityState" name="test_combobox_popdown_focus_loss_does_not_crash_or_lock" time="0.004" /><testcase classname="tests.test_integration.TestMainWindowSecurityState" name="test_focus_loss_lock_is_suspended_while_internal_dialog_is_active" time="0.006" /><testcase classname="tests.test_integration.TestMainWindowSecurityState" name="test_focus_loss_lock_preserves_active_clipboard_handoff" time="0.006" /><testcase classname="tests.test_integration.TestMainWindowSecurityState" name="test_focus_loss_lock_preserves_temporary_clipboard_until_timeout" time="0.005" /><testcase classname="tests.test_integration.TestMainWindowSecurityState" name="test_internal_warning_does_not_schedule_focus_loss_lock" time="0.005" /><testcase classname="tests.test_integration.TestMainWindowSecurityState" name="test_key_exchange_gui_helper_scans_payload_from_camera_adapter" time="0.080" /><testcase classname="tests.test_integration.TestMainWindowSecurityState" name="test_key_exchange_gui_helper_writes_private_payload_and_qr_files" time="0.831" /><testcase classname="tests.test_integration.TestMainWindowSecurityState" name="test_key_exchange_gui_helpers_generate_and_import_contact" time="0.053" /><testcase classname="tests.test_integration.TestMainWindowSecurityState" name="test_keyboard_shortcuts_bind_panic_and_common_actions" time="0.006" /><testcase classname="tests.test_integration.TestMainWindowSecurityState" name="test_keypress_fallback_handles_password_toggle_and_panic_hotkey" time="0.004" /><testcase classname="tests.test_integration.TestMainWindowSecurityState" name="test_lock_if_window_minimized_locks_authenticated_session" time="0.007" /><testcase classname="tests.test_integration.TestMainWindowSecurityState" name="test_lock_vault_clears_decrypted_entries_and_password_visibility_state" time="0.006" /><testcase classname="tests.test_integration.TestMainWindowSecurityState" name="test_new_database_does_not_overwrite_existing_vault_file" time="0.011" /><testcase classname="tests.test_integration.TestMainWindowSecurityState" name="test_on_activity_records_source_in_activity_monitor" time="0.006" /><testcase classname="tests.test_integration.TestMainWindowSecurityState" name="test_on_close_clears_sensitive_state_and_destroys_window" time="0.056" /><testcase classname="tests.test_integration.TestMainWindowSecurityState" name="test_on_close_warns_when_clipboard_clear_failed_with_readable_message" time="0.047" /><testcase classname="tests.test_integration.TestMainWindowSecurityState" name="test_panic_mode_closes_child_windows_before_hiding_root" time="0.004" /><testcase classname="tests.test_integration.TestMainWindowSecurityState" name="test_panic_mouse_shake_gesture_activates_panic_mode" time="0.005" /><testcase classname="tests.test_integration.TestMainWindowSecurityState" name="test_panic_stealth_actions_support_fake_error_decoy_and_redirect" time="0.015" /><testcase classname="tests.test_integration.TestMainWindowSecurityState" name="test_prepare_dialog_applies_accessibility_metadata" time="0.005" /><testcase classname="tests.test_integration.TestMainWindowSecurityState" name="test_prompt_unlock_if_needed_reloads_entries_after_restore" time="0.005" /><testcase classname="tests.test_integration.TestMainWindowSecurityState" name="test_recover_from_panic_mode_restores_window_and_unlock_flow" time="0.007" /><testcase classname="tests.test_integration.TestMainWindowSecurityState" name="test_run_startup_clipboard_recovery_clears_pending_clipboard" time="0.051" /><testcase classname="tests.test_integration.TestMainWindowSecurityState" name="test_run_startup_clipboard_recovery_clears_stale_root_clipboard_value" time="0.046" /><testcase classname="tests.test_integration.TestMainWindowSecurityState" name="test_run_startup_clipboard_recovery_warns_when_system_clear_fails" time="0.044" /><testcase classname="tests.test_integration.TestMainWindowSecurityState" name="test_share_history_status_marks_expired_packages" time="0.048" /><testcase classname="tests.test_integration.TestMainWindowSecurityState" name="test_share_package_gui_helper_generates_qr_preview_png" time="0.240" /><testcase classname="tests.test_integration.TestMainWindowSecurityState" name="test_share_package_import_preview_and_merge_use_sharing_service" time="0.178" /><testcase classname="tests.test_integration.TestMainWindowSecurityState" name="test_share_selected_entry_gui_helper_writes_package_and_db_record" time="0.085" /><testcase classname="tests.test_integration.TestMainWindowSecurityState" name="test_share_selected_entry_helper_applies_permissions_and_expiration" time="0.085" /><testcase classname="tests.test_integration.TestMainWindowSecurityState" name="test_show_share_dialog_checks_selected_entry_before_prompting_details" time="0.004" /><testcase classname="tests.test_integration.TestMainWindowSecurityState" name="test_unlock_vault_button_flow_prompts_login_and_reloads_entries" time="0.005" /><testcase classname="tests.test_integration.TestMainWindowSecurityState" name="test_unlock_vault_button_forces_prompt_even_before_initial_login_flag" time="0.004" /><testcase classname="tests.test_integration.TestMainWindowSecurityState" name="test_unlock_vault_recovers_from_panic_state" time="0.005" /><testcase classname="tests.test_integration.TestMainWindowSecurityState" name="test_vault_bitwarden_encrypted_export_gui_helper_never_writes_plaintext" time="0.254" /><testcase classname="tests.test_integration.TestMainWindowSecurityState" name="test_vault_encrypted_export_toggles_tray_crypto_operation_status" time="0.086" /><testcase classname="tests.test_integration.TestMainWindowSecurityState" name="test_vault_export_helper_applies_selected_fields_and_strength" time="0.119" /><testcase classname="tests.test_integration.TestMainWindowSecurityState" name="test_vault_export_helper_uses_explicit_dialog_entry_selection" time="0.121" /><testcase classname="tests.test_integration.TestMainWindowSecurityState" name="test_vault_export_import_gui_helpers_roundtrip_encrypted_json" time="0.119" /><testcase classname="tests.test_integration.TestMainWindowSecurityState" name="test_vault_export_preview_lists_scope_fields_and_titles" time="0.378" /><testcase classname="tests.test_integration.TestMainWindowSecurityState" name="test_vault_import_auto_detect_failure_requires_manual_format" time="0.004" /><testcase classname="tests.test_integration.TestMainWindowSecurityState" name="test_vault_import_auto_detects_native_and_password_manager_formats" time="0.133" /><testcase classname="tests.test_integration.TestMainWindowSecurityState" name="test_vault_import_preview_dry_run_does_not_create_entries" time="0.111" /><testcase classname="tests.test_integration.TestMainWindowSecurityState" name="test_vault_locked_event_preserves_clipboard_when_requested" time="0.004" /><testcase classname="tests.test_key_derivation.TestKeyDerivation" name="test_create_auth_hash" time="0.113" /><testcase classname="tests.test_key_derivation.TestKeyDerivation" name="test_derive_encryption_key_consistency" time="0.192" /><testcase classname="tests.test_key_derivation.TestKeyDerivation" name="test_derive_key_different_salts" time="0.067" /><testcase classname="tests.test_key_derivation.TestKeyDerivation" name="test_derive_key_empty_password" time="0.039" /><testcase classname="tests.test_key_derivation.TestKeyDerivation" name="test_derive_key_length" time="0.041" /><testcase classname="tests.test_key_derivation.TestKeyDerivation" name="test_derive_key_with_known_salt" time="0.067" /><testcase classname="tests.test_key_derivation.TestKeyDerivation" name="test_different_passwords_different_keys" time="0.099" /><testcase classname="tests.test_key_derivation.TestKeyDerivation" name="test_verify_auth_hash_correct" time="0.202" /><testcase classname="tests.test_key_derivation.TestKeyDerivation" name="test_verify_auth_hash_incorrect" time="0.204" /><testcase classname="tests.test_password_generator.TestPasswordGenerator" name="test_bulk_generation_respects_character_sets_and_history" time="0.052" /><testcase classname="tests.test_password_generator.TestPasswordGenerator" name="test_generate_can_exclude_ambiguous_characters" time="0.002" /><testcase classname="tests.test_password_generator.TestPasswordGenerator" name="test_generate_includes_each_selected_charset" time="0.002" /><testcase classname="tests.test_password_generator.TestPasswordGenerator" name="test_generate_rejects_when_no_charset_enabled" time="0.002" /><testcase classname="tests.test_password_generator.TestPasswordGenerator" name="test_generate_uses_requested_length" time="0.002" /><testcase classname="tests.test_password_generator.TestPasswordGenerator" name="test_recent_history_tracks_generated_passwords" time="0.002" /><testcase classname="tests.test_password_generator.TestPasswordGenerator" name="test_strength_check_rejects_weak_passwords" time="0.002" /><testcase classname="tests.test_password_validator.TestPasswordValidator" name="test_common_passwords" time="0.002" /><testcase classname="tests.test_password_validator.TestPasswordValidator" name="test_digits_required" time="0.002" /><testcase classname="tests.test_password_validator.TestPasswordValidator" name="test_lowercase_required" time="0.002" /><testcase classname="tests.test_password_validator.TestPasswordValidator" name="test_min_length" time="0.002" /><testcase classname="tests.test_password_validator.TestPasswordValidator" name="test_repetitions" time="0.002" /><testcase classname="tests.test_password_validator.TestPasswordValidator" name="test_sequences" time="0.002" /><testcase classname="tests.test_password_validator.TestPasswordValidator" name="test_special_chars_required" time="0.002" /><testcase classname="tests.test_password_validator.TestPasswordValidator" name="test_strength_labels" time="0.002" /><testcase classname="tests.test_password_validator.TestPasswordValidator" name="test_strength_score" time="0.002" /><testcase classname="tests.test_password_validator.TestPasswordValidator" name="test_suggestions" time="0.002" /><testcase classname="tests.test_password_validator.TestPasswordValidator" name="test_uppercase_required" time="0.002" /><testcase classname="tests.test_password_validator.TestPasswordValidator" name="test_valid_password" time="0.002" /><testcase classname="tests.test_platform_adapter.TestCompositeClipboardAdapter" name="test_copy_and_clear_return_true_when_any_adapter_succeeds" time="0.004" /><testcase classname="tests.test_platform_adapter.TestCreatePlatformAdapter" name="test_create_platform_adapter_passes_linux_selection_mode" time="0.003" /><testcase classname="tests.test_platform_adapter.TestCreatePlatformAdapter" name="test_create_platform_adapter_passes_macos_pasteboard_mode" time="0.003" /><testcase classname="tests.test_platform_adapter.TestCreatePlatformAdapter" name="test_create_platform_adapter_raises_when_no_adapter_available" time="0.003" /><testcase classname="tests.test_platform_adapter.TestCreatePlatformAdapter" name="test_create_platform_adapter_uses_appkit_then_command_adapter_on_macos" time="0.003" /><testcase classname="tests.test_platform_adapter.TestCreatePlatformAdapter" name="test_create_platform_adapter_uses_pyperclip_when_platform_specific_adapter_missing" time="0.002" /><testcase classname="tests.test_platform_adapter.TestCreatePlatformAdapter" name="test_create_platform_adapter_uses_windows_and_tk_fallbacks" time="0.003" /><testcase classname="tests.test_platform_adapter.TestPlatformValidationReport" name="test_validation_report_detects_linux_backends_for_primary_mode" time="0.003" /><testcase classname="tests.test_platform_adapter.TestPlatformValidationReport" name="test_validation_report_detects_macos_backends" time="0.004" /><testcase classname="tests.test_platform_adapter.TestPlatformValidationReport" name="test_validation_report_detects_windows_backends" time="0.002" /><testcase classname="tests.test_platform_adapter.TestPlatformValidationReport" name="test_validation_report_marks_not_ready_when_no_backends_exist" time="0.004" /><testcase classname="tests.test_platform_adapter.TestPlatformValidationReport" name="test_validation_report_respects_drag_pasteboard_mode_on_macos" time="0.003" /><testcase classname="tests.test_platform_adapter.TestPlatformAdapters" name="test_appkit_clipboard_adapter_roundtrip" time="0.002" /><testcase classname="tests.test_platform_adapter.TestPlatformAdapters" name="test_appkit_clipboard_adapter_supports_drag_pasteboard_mode" time="0.002" /><testcase classname="tests.test_platform_adapter.TestPlatformAdapters" name="test_linux_clipboard_adapter_falls_back_to_next_command_on_missing_binary" time="0.003" /><testcase classname="tests.test_platform_adapter.TestPlatformAdapters" name="test_linux_clipboard_adapter_reads_from_first_successful_backend" time="0.003" /><testcase classname="tests.test_platform_adapter.TestPlatformAdapters" name="test_linux_clipboard_adapter_reads_primary_selection_when_requested" time="0.002" /><testcase classname="tests.test_platform_adapter.TestPlatformAdapters" name="test_linux_clipboard_adapter_uses_primary_selection_commands" time="0.003" /><testcase classname="tests.test_platform_adapter.TestPlatformAdapters" name="test_linux_clipboard_adapter_writes_both_clipboard_and_primary_when_requested" time="0.002" /><testcase classname="tests.test_platform_adapter.TestPlatformAdapters" name="test_macos_clipboard_adapter_falls_back_to_osascript_on_missing_pbcopy" time="0.003" /><testcase classname="tests.test_platform_adapter.TestPlatformAdapters" name="test_macos_clipboard_adapter_reads_with_osascript_fallback" time="0.002" /><testcase classname="tests.test_platform_adapter.TestPlatformAdapters" name="test_tk_clipboard_adapter_roundtrip" time="0.002" /><testcase classname="tests.test_platform_adapter.TestPlatformAdapters" name="test_windows_clipboard_adapter_retries_busy_clipboard_and_succeeds" time="0.023" /><testcase classname="tests.test_platform_adapter.TestPlatformAdapters" name="test_windows_clipboard_adapter_uses_user32_fallback_for_clear" time="0.003" /><testcase classname="tests.test_project_integrity" name="test_source_has_no_todo_or_fixme_markers" time="0.083" /><testcase classname="tests.test_project_integrity" name="test_source_modules_do_not_have_circular_imports" time="0.775" /><testcase classname="tests.test_search_index.TestSearchIndex" name="test_index_keeps_scopes_isolated_for_future_audit_integration" time="0.003" /><testcase classname="tests.test_search_index.TestSearchIndex" name="test_index_searches_entries_by_field_tokens" time="0.002" /><testcase classname="tests.test_secure_table.TestSecureTable" name="test_reorder_display_columns_ignores_unknown_columns" time="0.006" /><testcase classname="tests.test_secure_table.TestSecureTable" name="test_reorder_display_columns_updates_visible_order" time="0.002" /><testcase classname="tests.test_secure_table.TestSecureTable" name="test_set_data_handles_1000_rows_without_noticeable_slowdown" time="0.007" /><testcase classname="tests.test_security.TestSecurityHardeningCore" name="test_activity_monitor_locks_after_configured_timeout" time="0.003" /><testcase classname="tests.test_security.TestSecurityHardeningCore" name="test_activity_monitor_sensitivity_ignores_background_noise" time="0.002" /><testcase classname="tests.test_security.TestSecurityHardeningCore" name="test_auto_lock_reliability_simulates_twenty_four_hours" time="0.003" /><testcase classname="tests.test_security.TestSecurityHardeningCore" name="test_constant_time_compare_handles_equal_different_and_none_values" time="0.005" /><testcase classname="tests.test_security.TestSecurityHardeningCore" name="test_default_hotkeys_cover_panic_and_common_actions" time="0.005" /><testcase classname="tests.test_security.TestSecurityHardeningCore" name="test_idle_activity_monitor_tick_is_lightweight" time="0.074" /><testcase classname="tests.test_security.TestSecurityHardeningCore" name="test_memory_guard_allocates_locks_when_possible_and_securely_wipes_buffer" time="0.002" /><testcase classname="tests.test_security.TestSecurityHardeningCore" name="test_memory_protection_managed_overhead_stays_under_five_percent" time="0.002" /><testcase classname="tests.test_security.TestSecurityHardeningCore" name="test_memory_protection_snapshot_does_not_keep_plaintext_after_wipe" time="0.002" /><testcase classname="tests.test_security.TestSecurityHardeningCore" name="test_panic_mode_runs_handlers_and_publishes_sanitized_event" time="0.002" /><testcase classname="tests.test_security.TestSecurityHardeningCore" name="test_panic_mode_stress_continues_after_handler_failure_and_recovers" time="0.003" /><testcase classname="tests.test_security.TestSecurityHardeningCore" name="test_platform_security_manager_selects_fail_secure_backends" time="0.030" /><testcase classname="tests.test_security.TestSecurityHardeningCore" name="test_platform_security_reports_required_os_features_and_degradation" time="0.019" /><testcase classname="tests.test_security.TestSecurityHardeningCore" name="test_protected_key_operation_wipes_temporary_key_copy" time="0.001" /><testcase classname="tests.test_security.TestSecurityHardeningCore" name="test_secure_buffer_wipes_source_bytearray_and_closes_cleanly" time="0.002" /><testcase classname="tests.test_security.TestSecurityHardeningCore" name="test_security_module_startup_smoke_is_fast" time="0.012" /><testcase classname="tests.test_security.TestSecurityHardeningCore" name="test_stack_frame_guard_wipes_registered_secrets_and_checks_canary" time="0.002" /><testcase classname="tests.test_security.TestSecurityHardeningCore" name="test_startup_with_security_features_completes_under_three_seconds" time="0.022" /><testcase classname="tests.test_security.TestSecurityHardeningCore" name="test_timing_attack_measurement_keeps_compare_paths_close" time="0.063" /><testcase classname="tests.test_security.TestSecurityHardeningCore" name="test_windows_hotkey_parser_accepts_supported_windows_combinations" time="0.001" /><testcase classname="tests.test_setup.TestSetup" name="test_config_creation" time="0.007" /><testcase classname="tests.test_setup.TestSetup" name="test_config_save_load" time="0.009" /><testcase classname="tests.test_setup.TestSetup" name="test_database_creation" time="0.064" /><testcase classname="tests.test_vault_encryption.TestVaultEncryption" name="test_encrypt_decrypt_roundtrip_with_explicit_key" time="0.002" /><testcase classname="tests.test_vault_encryption.TestVaultEncryption" name="test_encrypt_decrypt_uses_active_key_from_key_manager" time="0.002" /><testcase classname="tests.test_vault_encryption.TestVaultEncryption" name="test_invalid_key_length_raises_error" time="0.002" /><testcase classname="tests.test_vault_encryption.TestVaultEncryption" name="test_missing_active_key_raises_error" time="0.002" /><testcase classname="tests.test_vault_encryption.TestVaultEncryption" name="test_payload_shorter_than_nonce_is_invalid" time="0.002" /><testcase classname="tests.test_vault_encryption.TestVaultEncryption" name="test_tampered_ciphertext_fails_authentication" time="0.002" /></testsuite></testsuites>